---end of day---
orders processed: 703
timestamp 29:
AARON purchased 52 shares of FB from ALEX for $18/share
timestamp 37:
ALEX purchased 5 shares of GOOGL from JEREMY for $367/share
timestamp 52:
ALEX purchased 14 shares of DIS from KEVIN for $66/share
timestamp 102:
JOSH purchased 36 shares of FB from ALEX for $18/share
timestamp 140:
JOSH purchased 53 shares of FB from EDWARD for $182/share
DOUG purchased 44 shares of FB from EDWARD for $110/share
timestamp 189:
DOUG purchased 33 shares of FB from AARON for $398/share
timestamp 221:
ALEX purchased 22 shares of GOOGL from DOUG for $412/share
SUSAN purchased 25 shares of AMZN from ALEX for $167/share
timestamp 254:
SUSAN purchased 62 shares of TWTR from AARON for $433/share
timestamp 303:
SUSAN purchased 4 shares of SNAP from JAY for $354/share
timestamp 353:
ALEX purchased 14 shares of AAPL from JEREMY for $41/share
ALEX purchased 63 shares of AAPL from JAY for $115/share
AARON purchased 10 shares of AMZN from ALEX for $167/share
SUSAN purchased 4 shares of TWTR from JAY for $433/share
TORI purchased 7 shares of TWTR from JAY for $414/share
timestamp 395:
TORI purchased 77 shares of GOOGL from JEREMY for $348/share
timestamp 409:
JOSH purchased 24 shares of DIS from KEVIN for $66/share
timestamp 459:
TORI purchased 19 shares of TWTR from TORI for $414/share
timestamp 498:
KEVIN purchased 24 shares of DIS from KEVIN for $66/share
timestamp 589:
KEVIN purchased 13 shares of MSFT from JOSH for $157/share
KEVIN purchased 20 shares of MSFT from AARON for $167/share
ALEX purchased 18 shares of AAPL from EDWARD for $245/share
timestamp 637:
TORI purchased 24 shares of AMZN from ALEX for $167/share
timestamp 661:
TORI purchased 25 shares of TWTR from AARON for $414/share
timestamp 690:
TORI purchased 16 shares of TWTR from KEVIN for $414/share
KEVIN purchased 6 shares of TWTR from KEVIN for $354/share
timestamp 808:
KEVIN purchased 14 shares of DIS from SUSAN for $329/share
JEREMY purchased 1 shares of AAPL from EDWARD for $29/share
timestamp 820:
KEVIN purchased 76 shares of TWTR from TORI for $354/share
DOUG purchased 16 shares of TWTR from TORI for $263/share
timestamp 866:
TORI purchased 13 shares of AMZN from AARON for $234/share
timestamp 889:
TORI purchased 46 shares of AMZN from AARON for $206/share
TORI purchased 28 shares of AMZN from JOSH for $262/share
timestamp 934:
AARON purchased 56 shares of MSFT from JAY for $366/share
KEVIN purchased 22 shares of DIS from SUSAN for $29/share
timestamp 982:
DOUG purchased 12 shares of DIS from SUSAN for $29/share
DOUG purchased 36 shares of DIS from AARON for $183/share
timestamp 1062:
SUSAN purchased 57 shares of SNAP from SUSAN for $427/share
timestamp 1113:
KEVIN purchased 9 shares of MSFT from SUSAN for $288/share
timestamp 1229:
SUSAN purchased 44 shares of AMZN from JAY for $126/share
KEVIN purchased 46 shares of MSFT from KEVIN for $288/share
AARON purchased 11 shares of MSFT from KEVIN for $276/share
timestamp 1258:
TORI purchased 44 shares of FB from AARON for $310/share
TORI purchased 49 shares of FB from SUSAN for $387/share
ALEX purchased 27 shares of TWTR from ALEX for $478/share
timestamp 1288:
JOSH purchased 43 shares of TWTR from SUSAN for $418/share
timestamp 1290:
JEREMY purchased 45 shares of GOOGL from AARON for $135/share
timestamp 1348:
TORI purchased 2 shares of ROKU from KEVIN for $455/share
timestamp 1376:
SUSAN purchased 20 shares of GOOGL from AARON for $128/share
JEREMY purchased 31 shares of AMZN from TORI for $83/share
JEREMY purchased 28 shares of AMZN from JAY for $126/share
timestamp 1428:
SUSAN purchased 40 shares of ROKU from JOSH for $440/share
timestamp 1453:
SUSAN purchased 14 shares of GOOGL from SUSAN for $226/share
AARON purchased 12 shares of MSFT from KEVIN for $276/share
timestamp 1460:
SUSAN purchased 21 shares of ROKU from KEVIN for $440/share
JOSH purchased 37 shares of ROKU from KEVIN for $433/share
timestamp 1483:
JOSH purchased 23 shares of TWTR from KEVIN for $418/share
EDWARD purchased 11 shares of TWTR from KEVIN for $387/share
DOUG purchased 4 shares of TWTR from KEVIN for $263/share
KEVIN purchased 17 shares of TWTR from KEVIN for $256/share
JAY purchased 22 shares of TWTR from KEVIN for $161/share
timestamp 1506:
SUSAN purchased 84 shares of FB from EDWARD for $216/share
timestamp 1555:
AARON purchased 5 shares of MSFT from JAY for $276/share
JAY purchased 70 shares of MSFT from JAY for $206/share
AARON purchased 15 shares of MSFT from JAY for $75/share
timestamp 1648:
EDWARD purchased 5 shares of GOOGL from JEREMY for $321/share
timestamp 1678:
SUSAN purchased 8 shares of FB from ALEX for $216/share
timestamp 1703:
JEREMY purchased 7 shares of AAPL from ALEX for $94/share
TORI purchased 45 shares of GOOGL from SUSAN for $302/share
JOSH purchased 40 shares of ROKU from TORI for $433/share
KEVIN purchased 5 shares of ROKU from TORI for $402/share
SUSAN purchased 1 shares of SNAP from EDWARD for $427/share
KEVIN purchased 79 shares of SNAP from EDWARD for $389/share
DOUG purchased 14 shares of SNAP from EDWARD for $327/share
DOUG purchased 41 shares of SNAP from EDWARD for $327/share
SUSAN purchased 5 shares of SNAP from EDWARD for $153/share
timestamp 1722:
EDWARD purchased 67 shares of TWTR from JOSH for $370/share
timestamp 1741:
JEREMY purchased 35 shares of AAPL from DOUG for $94/share
timestamp 1779:
SUSAN purchased 10 shares of AMZN from JAY for $126/share
SUSAN purchased 4 shares of AMZN from JOSH for $262/share
timestamp 1856:
JEREMY purchased 20 shares of AAPL from SUSAN for $94/share
timestamp 1899:
AARON purchased 18 shares of FB from ALEX for $58/share
AARON purchased 20 shares of FB from SUSAN for $289/share
timestamp 1940:
ALEX purchased 10 shares of DIS from JEREMY for $169/share
timestamp 1977:
JAY purchased 12 shares of SNAP from EDWARD for $435/share
SUSAN purchased 59 shares of SNAP from EDWARD for $153/share
KEVIN purchased 28 shares of ROKU from AARON for $402/share
timestamp 2014:
SUSAN purchased 4 shares of ROKU from AARON for $375/share
timestamp 2080:
EDWARD purchased 23 shares of AMZN from JOSH for $262/share
timestamp 2130:
AARON purchased 3 shares of DIS from JAY for $133/share
timestamp 2186:
TORI purchased 23 shares of GOOGL from DOUG for $302/share
timestamp 2234:
ALEX purchased 16 shares of DIS from JEREMY for $155/share
ALEX purchased 19 shares of DIS from AARON for $183/share
ALEX purchased 56 shares of DIS from JAY for $246/share
timestamp 2246:
JEREMY purchased 60 shares of AAPL from SUSAN for $74/share
timestamp 2264:
ALEX purchased 21 shares of FB from JOSH for $204/share
TORI purchased 31 shares of GOOGL from DOUG for $302/share
ALEX purchased 19 shares of GOOGL from DOUG for $255/share
EDWARD purchased 16 shares of AMZN from JOSH for $300/share
timestamp 2290:
JEREMY purchased 16 shares of GOOGL from JEREMY for $321/share
JEREMY purchased 49 shares of GOOGL from DOUG for $349/share
JEREMY purchased 27 shares of GOOGL from KEVIN for $369/share
timestamp 2331:
SUSAN purchased 32 shares of ROKU from EDWARD for $445/share
EDWARD purchased 18 shares of TWTR from JOSH for $206/share
EDWARD purchased 40 shares of TWTR from ALEX for $439/share
ALEX purchased 75 shares of FB from JOSH for $224/share
timestamp 2364:
DOUG purchased 7 shares of FB from JOSH for $192/share
TORI purchased 10 shares of DIS from JAY for $246/share
timestamp 2383:
DOUG purchased 86 shares of FB from AARON for $256/share
AARON purchased 7 shares of FB from AARON for $40/share
DOUG purchased 2 shares of AMZN from JOSH for $88/share
TORI purchased 4 shares of AAPL from AARON for $214/share
SUSAN purchased 32 shares of SNAP from JEREMY for $403/share
timestamp 2610:
JOSH purchased 34 shares of MSFT from DOUG for $230/share
timestamp 2612:
TORI purchased 56 shares of AAPL from AARON for $214/share
timestamp 2659:
AARON purchased 18 shares of MSFT from SUSAN for $84/share
AARON purchased 67 shares of MSFT from SUSAN for $75/share
timestamp 2675:
JOSH purchased 6 shares of AAPL from AARON for $214/share
JOSH purchased 69 shares of AAPL from ALEX for $268/share
JOSH purchased 1 shares of AAPL from DOUG for $372/share
JAY purchased 26 shares of ROKU from EDWARD for $172/share
JAY purchased 23 shares of ROKU from SUSAN for $183/share
JAY purchased 45 shares of ROKU from JOSH for $232/share
timestamp 2729:
TORI purchased 55 shares of AMZN from TORI for $80/share
DOUG purchased 13 shares of AMZN from TORI for $45/share
TORI purchased 22 shares of ROKU from JOSH for $232/share
timestamp 2732:
SUSAN purchased 14 shares of SNAP from SUSAN for $474/share
timestamp 2770:
AARON purchased 11 shares of MSFT from SUSAN for $66/share
AARON purchased 11 shares of MSFT from DOUG for $107/share
AARON purchased 46 shares of MSFT from KEVIN for $245/share
KEVIN purchased 90 shares of FB from SUSAN for $195/share
timestamp 2772:
JEREMY purchased 7 shares of FB from SUSAN for $195/share
JEREMY purchased 15 shares of FB from EDWARD for $233/share
JEREMY purchased 25 shares of FB from TORI for $233/share
JEREMY purchased 5 shares of FB from SUSAN for $289/share
JEREMY purchased 14 shares of FB from EDWARD for $332/share
timestamp 2796:
KEVIN purchased 23 shares of ROKU from ALEX for $316/share
KEVIN purchased 21 shares of ROKU from JEREMY for $448/share
timestamp 2804:
JAY purchased 34 shares of FB from SUSAN for $146/share
JAY purchased 17 shares of FB from EDWARD for $332/share
timestamp 2848:
EDWARD purchased 38 shares of TWTR from AARON for $476/share
EDWARD purchased 32 shares of TWTR from AARON for $351/share
timestamp 2892:
EDWARD purchased 48 shares of SNAP from SUSAN for $370/share
timestamp 2942:
SUSAN purchased 4 shares of GOOGL from TORI for $306/share
timestamp 3021:
AARON purchased 37 shares of AMZN from JOSH for $84/share
DOUG purchased 50 shares of AMZN from JOSH for $45/share
TORI purchased 8 shares of AMZN from JOSH for $41/share
timestamp 3042:
SUSAN purchased 2 shares of MSFT from KEVIN for $245/share
timestamp 3109:
EDWARD purchased 33 shares of TWTR from ALEX for $351/share
ALEX purchased 41 shares of TWTR from ALEX for $212/share
SUSAN purchased 14 shares of TWTR from ALEX for $188/share
timestamp 3150:
ALEX purchased 27 shares of DIS from EDWARD for $305/share
timestamp 3188:
DOUG purchased 41 shares of MSFT from TORI for $63/share
timestamp 3225:
ALEX purchased 90 shares of SNAP from TORI for $492/share
EDWARD purchased 4 shares of SNAP from TORI for $417/share
timestamp 3275:
SUSAN purchased 64 shares of GOOGL from DOUG for $331/share
JEREMY purchased 6 shares of GOOGL from DOUG for $308/share
timestamp 3319:
TORI purchased 59 shares of DIS from KEVIN for $259/share
TORI purchased 8 shares of AMZN from JOSH for $88/share
timestamp 3340:
DOUG purchased 16 shares of MSFT from TORI for $63/share
DOUG purchased 39 shares of MSFT from SUSAN for $97/share
timestamp 3341:
JEREMY purchased 82 shares of FB from JAY for $83/share
SUSAN purchased 8 shares of GOOGL from KEVIN for $369/share
timestamp 3390:
DOUG purchased 89 shares of ROKU from JOSH for $277/share
timestamp 3420:
AARON purchased 40 shares of MSFT from SUSAN for $97/share
AARON purchased 18 shares of MSFT from AARON for $122/share
timestamp 3446:
AARON purchased 15 shares of AMZN from JOSH for $88/share
JEREMY purchased 35 shares of GOOGL from JAY for $308/share
timestamp 3482:
SUSAN purchased 45 shares of DIS from EDWARD for $267/share
TORI purchased 7 shares of DIS from EDWARD for $259/share
TORI purchased 1 shares of DIS from EDWARD for $209/share
timestamp 3518:
AARON purchased 36 shares of DIS from JEREMY for $133/share
timestamp 3531:
JEREMY purchased 54 shares of DIS from SUSAN for $180/share
JEREMY purchased 44 shares of DIS from EDWARD for $181/share
timestamp 3664:
AARON purchased 3 shares of MSFT from TORI for $229/share
timestamp 3679:
AARON purchased 43 shares of AMZN from JEREMY for $113/share
TORI purchased 1 shares of AMZN from JEREMY for $41/share
timestamp 3753:
KEVIN purchased 44 shares of MSFT from TORI for $50/share
KEVIN purchased 44 shares of MSFT from JOSH for $236/share
timestamp 3836:
SUSAN purchased 1 shares of TWTR from TORI for $188/share
timestamp 3868:
JOSH purchased 28 shares of TWTR from TORI for $178/share
JOSH purchased 45 shares of TWTR from EDWARD for $204/share
JOSH purchased 25 shares of TWTR from JAY for $245/share
timestamp 3958:
DOUG purchased 32 shares of MSFT from JOSH for $236/share
DOUG purchased 11 shares of MSFT from KEVIN for $245/share
DOUG purchased 4 shares of MSFT from SUSAN for $322/share
DOUG purchased 35 shares of MSFT from SUSAN for $326/share
timestamp 4024:
EDWARD purchased 15 shares of SNAP from AARON for $417/share
timestamp 4049:
TORI purchased 33 shares of AMZN from JAY for $184/share
TORI purchased 6 shares of AMZN from EDWARD for $243/share
TORI purchased 8 shares of AMZN from JOSH for $252/share
TORI purchased 31 shares of AMZN from KEVIN for $306/share
TORI purchased 12 shares of AMZN from JEREMY for $355/share
timestamp 4080:
JAY purchased 5 shares of GOOGL from AARON for $314/share
JAY purchased 7 shares of GOOGL from KEVIN for $369/share
timestamp 4141:
ALEX purchased 2 shares of ROKU from ALEX for $315/share
timestamp 4170:
JOSH purchased 3 shares of FB from JAY for $83/share
timestamp 4234:
AARON purchased 8 shares of MSFT from DOUG for $115/share
timestamp 4268:
KEVIN purchased 3 shares of MSFT from SUSAN for $326/share
JEREMY purchased 29 shares of GOOGL from JAY for $308/share
ALEX purchased 41 shares of GOOGL from JAY for $255/share
KEVIN purchased 21 shares of GOOGL from JAY for $252/share
timestamp 4272:
JOSH purchased 21 shares of DIS from JOSH for $205/share
JOSH purchased 20 shares of DIS from EDWARD for $305/share
JOSH purchased 44 shares of DIS from TORI for $340/share
timestamp 4365:
JEREMY purchased 36 shares of SNAP from JAY for $414/share
SUSAN purchased 28 shares of SNAP from JAY for $328/share
ALEX purchased 75 shares of ROKU from TORI for $315/share
DOUG purchased 2 shares of ROKU from TORI for $277/share
JOSH purchased 23 shares of ROKU from TORI for $256/share
KEVIN purchased 49 shares of GOOGL from JOSH for $252/share
SUSAN purchased 15 shares of GOOGL from JOSH for $226/share
ALEX purchased 8 shares of GOOGL from JOSH for $213/share
timestamp 4384:
TORI purchased 55 shares of SNAP from SUSAN for $289/share
ALEX purchased 12 shares of SNAP from SUSAN for $242/share
timestamp 4433:
AARON purchased 1 shares of FB from JAY for $83/share
timestamp 4482:
DOUG purchased 33 shares of DIS from KEVIN for $173/share
AARON purchased 27 shares of DIS from KEVIN for $133/share
timestamp 4535:
ALEX purchased 49 shares of SNAP from JEREMY for $242/share
KEVIN purchased 1 shares of SNAP from JEREMY for $237/share
SUSAN purchased 1 shares of SNAP from JEREMY for $175/share
timestamp 4583:
AARON purchased 6 shares of ROKU from JOSH for $429/share
AARON purchased 53 shares of ROKU from JEREMY for $448/share
AARON purchased 16 shares of ROKU from KEVIN for $455/share
AARON purchased 6 shares of ROKU from EDWARD for $462/share
timestamp 4639:
JEREMY purchased 40 shares of AAPL from JAY for $206/share
timestamp 4658:
TORI purchased 2 shares of AAPL from TORI for $169/share
timestamp 4663:
AARON purchased 18 shares of SNAP from JAY for $316/share
timestamp 4732:
ALEX purchased 21 shares of AMZN from KEVIN for $321/share
timestamp 4767:
JEREMY purchased 68 shares of DIS from KEVIN for $157/share
timestamp 4868:
JAY purchased 9 shares of ROKU from EDWARD for $410/share
ALEX purchased 43 shares of GOOGL from JOSH for $213/share
ALEX purchased 9 shares of GOOGL from JOSH for $172/share
KEVIN purchased 65 shares of GOOGL from JOSH for $270/share
timestamp 4989:
AARON purchased 30 shares of MSFT from TORI for $122/share
AARON purchased 6 shares of FB from AARON for $104/share
timestamp 4998:
DOUG purchased 56 shares of MSFT from SUSAN for $326/share
DOUG purchased 9 shares of MSFT from JAY for $366/share
timestamp 5041:
JOSH purchased 11 shares of DIS from KEVIN for $157/share
timestamp 5052:
AARON purchased 49 shares of FB from SUSAN for $104/share
JAY purchased 10 shares of FB from SUSAN for $75/share
timestamp 5083:
TORI purchased 43 shares of SNAP from EDWARD for $451/share
ALEX purchased 12 shares of AMZN from DOUG for $321/share
timestamp 5105:
JAY purchased 50 shares of FB from TORI for $75/share
AARON purchased 63 shares of SNAP from ALEX for $411/share
timestamp 5144:
JEREMY purchased 22 shares of FB from TORI for $70/share
timestamp 5159:
KEVIN purchased 5 shares of MSFT from JAY for $366/share
timestamp 5203:
AARON purchased 3 shares of SNAP from EDWARD for $411/share
TORI purchased 5 shares of SNAP from EDWARD for $369/share
SUSAN purchased 54 shares of SNAP from EDWARD for $175/share
SUSAN purchased 16 shares of SNAP from EDWARD for $153/share
SUSAN purchased 3 shares of SNAP from EDWARD for $131/share
JEREMY purchased 11 shares of SNAP from EDWARD for $121/share
timestamp 5389:
JOSH purchased 24 shares of AAPL from JAY for $202/share
JOSH purchased 8 shares of AAPL from TORI for $249/share
timestamp 5454:
ALEX purchased 36 shares of GOOGL from JOSH for $172/share
TORI purchased 9 shares of GOOGL from JOSH for $100/share
timestamp 5464:
AARON purchased 12 shares of MSFT from DOUG for $291/share
timestamp 5499:
JAY purchased 35 shares of ROKU from JEREMY for $410/share
ALEX purchased 57 shares of AMZN from EDWARD for $321/share
JOSH purchased 6 shares of AMZN from EDWARD for $320/share
JOSH purchased 63 shares of AMZN from ALEX for $320/share
JEREMY purchased 35 shares of AMZN from ALEX for $235/share
timestamp 5531:
EDWARD purchased 21 shares of DIS from KEVIN for $157/share
EDWARD purchased 38 shares of DIS from TORI for $253/share
EDWARD purchased 41 shares of DIS from TORI for $253/share
AARON purchased 19 shares of GOOGL from JOSH for $270/share
timestamp 5558:
EDWARD purchased 55 shares of SNAP from EDWARD for $329/share
timestamp 5596:
JAY purchased 8 shares of ROKU from DOUG for $410/share
timestamp 5622:
EDWARD purchased 56 shares of FB from KEVIN for $226/share
EDWARD purchased 23 shares of SNAP from AARON for $329/share
SUSAN purchased 23 shares of SNAP from AARON for $302/share
EDWARD purchased 37 shares of FB from JAY for $249/share
JEREMY purchased 55 shares of FB from JAY for $199/share
timestamp 5650:
JEREMY purchased 5 shares of AMZN from SUSAN for $235/share
JEREMY purchased 37 shares of AMZN from SUSAN for $139/share
AARON purchased 6 shares of MSFT from EDWARD for $291/share
timestamp 5680:
DOUG purchased 19 shares of DIS from TORI for $253/share
JAY purchased 19 shares of ROKU from JAY for $410/share
timestamp 5713:
JOSH purchased 12 shares of AMZN from SUSAN for $114/share
JOSH purchased 47 shares of AMZN from JEREMY for $355/share
timestamp 5733:
SUSAN purchased 55 shares of MSFT from EDWARD for $288/share
SUSAN purchased 11 shares of MSFT from DOUG for $333/share
timestamp 5792:
JOSH purchased 81 shares of ROKU from TORI for $335/share
JEREMY purchased 16 shares of FB from ALEX for $199/share
timestamp 5819:
DOUG purchased 78 shares of ROKU from JAY for $351/share
DOUG purchased 10 shares of ROKU from EDWARD for $462/share
DOUG purchased 34 shares of DIS from KEVIN for $280/share
AARON purchased 34 shares of DIS from TORI for $133/share
JEREMY purchased 3 shares of DIS from TORI for $115/share
timestamp 5832:
KEVIN purchased 6 shares of SNAP from TORI for $414/share
timestamp 5859:
EDWARD purchased 23 shares of FB from SUSAN for $118/share
timestamp 5904:
JOSH purchased 13 shares of ROKU from SUSAN for $335/share
JOSH purchased 5 shares of ROKU from SUSAN for $256/share
DOUG purchased 13 shares of ROKU from SUSAN for $255/share
KEVIN purchased 44 shares of DIS from TORI for $85/share
timestamp 5935:
KEVIN purchased 17 shares of SNAP from DOUG for $414/share
JAY purchased 63 shares of SNAP from DOUG for $352/share
timestamp 5939:
TORI purchased 33 shares of TWTR from EDWARD for $217/share
EDWARD purchased 53 shares of TWTR from JEREMY for $235/share
timestamp 5993:
JOSH purchased 32 shares of GOOGL from JOSH for $127/share
TORI purchased 18 shares of GOOGL from JOSH for $100/share
JAY purchased 28 shares of DIS from KEVIN for $238/share
ALEX purchased 43 shares of MSFT from DOUG for $333/share
ALEX purchased 13 shares of MSFT from JAY for $366/share
ALEX purchased 7 shares of MSFT from AARON for $387/share
timestamp 6024:
JAY purchased 36 shares of FB from ALEX for $192/share
JAY purchased 62 shares of FB from ALEX for $201/share
timestamp 6063:
JAY purchased 2 shares of GOOGL from JOSH for $270/share
JAY purchased 35 shares of GOOGL from JOSH for $311/share
KEVIN purchased 29 shares of ROKU from JAY for $291/share
AARON purchased 17 shares of FB from ALEX for $201/share
AARON purchased 49 shares of FB from DOUG for $327/share
timestamp 6077:
DOUG purchased 34 shares of MSFT from KEVIN for $176/share
timestamp 6107:
ALEX purchased 59 shares of AMZN from JOSH for $168/share
timestamp 6180:
AARON purchased 41 shares of TWTR from TORI for $231/share
timestamp 6192:
ALEX purchased 17 shares of TWTR from TORI for $231/share
timestamp 6240:
TORI purchased 40 shares of ROKU from TORI for $311/share
DOUG purchased 47 shares of MSFT from JOSH for $176/share
timestamp 6272:
KEVIN purchased 22 shares of DIS from DOUG for $106/share
AARON purchased 32 shares of DIS from DOUG for $54/share
ALEX purchased 11 shares of DIS from DOUG for $18/share
DOUG purchased 9 shares of MSFT from TORI for $176/share
timestamp 6407:
TORI purchased 1 shares of DIS from DOUG for $15/share
timestamp 6426:
TORI purchased 52 shares of MSFT from TORI for $188/share
timestamp 6485:
JOSH purchased 7 shares of AAPL from TORI for $249/share
JOSH purchased 10 shares of AAPL from EDWARD for $285/share
JOSH purchased 31 shares of AAPL from ALEX for $303/share
timestamp 6557:
JOSH purchased 44 shares of DIS from DOUG for $117/share
TORI purchased 30 shares of MSFT from JEREMY for $352/share
EDWARD purchased 12 shares of MSFT from JEREMY for $261/share
timestamp 6599:
JAY purchased 11 shares of SNAP from AARON for $352/share
SUSAN purchased 4 shares of SNAP from AARON for $302/share
ALEX purchased 34 shares of SNAP from AARON for $229/share
AARON purchased 12 shares of SNAP from AARON for $191/share
JAY purchased 16 shares of SNAP from AARON for $187/share
JEREMY purchased 23 shares of SNAP from AARON for $121/share
EDWARD purchased 6 shares of TWTR from TORI for $219/share
JAY purchased 11 shares of TWTR from TORI for $208/share
TORI purchased 22 shares of TWTR from TORI for $171/share
AARON purchased 42 shares of TWTR from TORI for $169/share
timestamp 6691:
AARON purchased 49 shares of TWTR from JOSH for $169/share
JAY purchased 3 shares of TWTR from JOSH for $161/share
timestamp 6710:
TORI purchased 11 shares of ROKU from TORI for $379/share
timestamp 6736:
AARON purchased 31 shares of GOOGL from JOSH for $196/share
JOSH purchased 28 shares of MSFT from JEREMY for $184/share
timestamp 6792:
JEREMY purchased 29 shares of AMZN from KEVIN for $82/share
timestamp 6808:
SUSAN purchased 32 shares of AAPL from AARON for $174/share
timestamp 6810:
AARON purchased 31 shares of GOOGL from AARON for $196/share
TORI purchased 3 shares of GOOGL from AARON for $100/share
DOUG purchased 38 shares of GOOGL from AARON for $98/share
DOUG purchased 10 shares of GOOGL from AARON for $91/share
timestamp 6878:
TORI purchased 41 shares of AAPL from DOUG for $169/share
timestamp 6922:
AARON purchased 31 shares of TWTR from JAY for $194/share
SUSAN purchased 5 shares of FB from JOSH for $210/share
timestamp 6958:
JAY purchased 13 shares of TWTR from TORI for $161/share
TORI purchased 27 shares of DIS from JOSH for $93/share
TORI purchased 13 shares of DIS from DOUG for $117/share
EDWARD purchased 55 shares of AMZN from KEVIN for $82/share
EDWARD purchased 12 shares of DIS from DOUG for $117/share
EDWARD purchased 3 shares of DIS from JEREMY for $131/share
timestamp 7012:
TORI purchased 48 shares of AAPL from SUSAN for $169/share
ALEX purchased 21 shares of AAPL from SUSAN for $156/share
timestamp 7026:
JEREMY purchased 23 shares of SNAP from JEREMY for $121/share
timestamp 7068:
JOSH purchased 43 shares of MSFT from JOSH for $286/share
SUSAN purchased 8 shares of FB from JEREMY for $309/share
EDWARD purchased 63 shares of FB from JEREMY for $179/share
JAY purchased 17 shares of TWTR from EDWARD for $161/share
timestamp 7069:
ALEX purchased 25 shares of GOOGL from JOSH for $311/share
timestamp 7106:
JOSH purchased 44 shares of GOOGL from AARON for $325/share
JOSH purchased 19 shares of GOOGL from SUSAN for $332/share
JOSH purchased 35 shares of GOOGL from TORI for $349/share
JEREMY purchased 16 shares of DIS from JEREMY for $131/share
timestamp 7154:
ALEX purchased 37 shares of GOOGL from JAY for $318/share
timestamp 7160:
SUSAN purchased 18 shares of FB from JEREMY for $122/share
SUSAN purchased 11 shares of FB from DOUG for $327/share
timestamp 7246:
ALEX purchased 10 shares of SNAP from JOSH for $109/share
DOUG purchased 20 shares of SNAP from JOSH for $88/share
timestamp 7247:
JEREMY purchased 11 shares of FB from JAY for $91/share
timestamp 7269:
TORI purchased 2 shares of ROKU from JAY for $379/share
TORI purchased 48 shares of ROKU from SUSAN for $416/share
TORI purchased 7 shares of ROKU from SUSAN for $433/share
TORI purchased 35 shares of ROKU from JOSH for $460/share
timestamp 7317:
JAY purchased 35 shares of TWTR from ALEX for $161/share
TORI purchased 33 shares of ROKU from EDWARD for $379/share
SUSAN purchased 49 shares of ROKU from EDWARD for $363/share
JAY purchased 32 shares of FB from DOUG for $327/share
ALEX purchased 5 shares of GOOGL from DOUG for $318/share
TORI purchased 5 shares of GOOGL from DOUG for $171/share
timestamp 7360:
EDWARD purchased 10 shares of AMZN from KEVIN for $82/share
EDWARD purchased 40 shares of AMZN from SUSAN for $142/share
JEREMY purchased 10 shares of FB from TORI for $91/share
timestamp 7416:
SUSAN purchased 31 shares of ROKU from AARON for $363/share
KEVIN purchased 36 shares of ROKU from AARON for $302/share
KEVIN purchased 3 shares of ROKU from AARON for $274/share
timestamp 7421:
AARON purchased 38 shares of DIS from JEREMY for $131/share
timestamp 7433:
ALEX purchased 29 shares of AAPL from SUSAN for $156/share
JOSH purchased 13 shares of AAPL from SUSAN for $148/share
timestamp 7466:
JEREMY purchased 10 shares of SNAP from JEREMY for $113/share
JEREMY purchased 42 shares of SNAP from ALEX for $194/share
JEREMY purchased 36 shares of DIS from JEREMY for $129/share
AARON purchased 15 shares of DIS from JEREMY for $124/share
TORI purchased 7 shares of DIS from JEREMY for $15/share
timestamp 7511:
KEVIN purchased 7 shares of ROKU from SUSAN for $274/share
JOSH purchased 84 shares of ROKU from SUSAN for $264/share
timestamp 7537:
AARON purchased 58 shares of GOOGL from DOUG for $144/share
timestamp 7565:
EDWARD purchased 30 shares of FB from TORI for $56/share
timestamp 7581:
JEREMY purchased 3 shares of SNAP from DOUG for $230/share
JAY purchased 9 shares of TWTR from SUSAN for $161/share
timestamp 7631:
JOSH purchased 7 shares of ROKU from JAY for $264/share
DOUG purchased 15 shares of ROKU from JAY for $255/share
EDWARD purchased 2 shares of ROKU from JAY for $253/share
TORI purchased 1 shares of ROKU from JAY for $252/share
JEREMY purchased 34 shares of SNAP from JAY for $230/share
EDWARD purchased 6 shares of SNAP from JAY for $103/share
timestamp 7635:
TORI purchased 3 shares of AMZN from SUSAN for $142/share
timestamp 7691:
JOSH purchased 37 shares of DIS from JEREMY for $131/share
JOSH purchased 22 shares of DIS from KEVIN for $238/share
TORI purchased 57 shares of AMZN from SUSAN for $163/share
JAY purchased 10 shares of AMZN from SUSAN for $59/share
timestamp 7739:
EDWARD purchased 36 shares of ROKU from AARON for $425/share
EDWARD purchased 48 shares of ROKU from JAY for $425/share
TORI purchased 44 shares of ROKU from JAY for $252/share
timestamp 7773:
SUSAN purchased 12 shares of GOOGL from JEREMY for $132/share
timestamp 7840:
TORI purchased 7 shares of ROKU from AARON for $252/share
timestamp 7850:
JAY purchased 11 shares of AMZN from JEREMY for $59/share
SUSAN purchased 42 shares of AMZN from JEREMY for $57/share
timestamp 7900:
TORI purchased 19 shares of ROKU from DOUG for $252/share
DOUG purchased 16 shares of ROKU from DOUG for $243/share
JAY purchased 1 shares of ROKU from DOUG for $239/share
JOSH purchased 8 shares of ROKU from DOUG for $197/share
timestamp 7962:
JAY purchased 15 shares of AMZN from ALEX for $125/share
timestamp 8074:
JEREMY purchased 26 shares of FB from JAY for $312/share
timestamp 8117:
KEVIN purchased 74 shares of DIS from JAY for $95/share
KEVIN purchased 5 shares of DIS from KEVIN for $238/share
KEVIN purchased 15 shares of DIS from JOSH for $303/share
timestamp 8165:
AARON purchased 66 shares of DIS from DOUG for $87/share
timestamp 8212:
JOSH purchased 24 shares of MSFT from ALEX for $202/share
DOUG purchased 8 shares of MSFT from ALEX for $176/share
KEVIN purchased 19 shares of MSFT from ALEX for $121/share
JOSH purchased 25 shares of AAPL from JEREMY for $148/share
TORI purchased 40 shares of AAPL from JEREMY for $113/share
JAY purchased 16 shares of AAPL from JEREMY for $110/share
timestamp 8232:
EDWARD purchased 57 shares of ROKU from JEREMY for $215/share
ALEX purchased 23 shares of GOOGL from DOUG for $144/share
ALEX purchased 64 shares of GOOGL from JOSH for $162/share
ALEX purchased 7 shares of GOOGL from AARON for $174/share
timestamp 8335:
JEREMY purchased 40 shares of AMZN from ALEX for $125/share
timestamp 8348:
DOUG purchased 55 shares of SNAP from TORI for $118/share
DOUG purchased 1 shares of SNAP from EDWARD for $125/share
timestamp 8367:
JAY purchased 60 shares of AAPL from SUSAN for $110/share
DOUG purchased 1 shares of AAPL from SUSAN for $103/share
SUSAN purchased 4 shares of AAPL from SUSAN for $100/share
SUSAN purchased 26 shares of AAPL from SUSAN for $100/share
EDWARD purchased 23 shares of ROKU from SUSAN for $215/share
JOSH purchased 60 shares of ROKU from SUSAN for $197/share
timestamp 8374:
JOSH purchased 18 shares of MSFT from ALEX for $202/share
JOSH purchased 36 shares of MSFT from JOSH for $286/share
timestamp 8403:
EDWARD purchased 26 shares of TWTR from SUSAN for $157/share
EDWARD purchased 26 shares of TWTR from JAY for $194/share
EDWARD purchased 43 shares of TWTR from JAY for $194/share
EDWARD purchased 6 shares of TWTR from TORI for $231/share
EDWARD purchased 20 shares of TWTR from EDWARD for $235/share
EDWARD purchased 19 shares of TWTR from JEREMY for $235/share
JOSH purchased 14 shares of ROKU from KEVIN for $197/share
ALEX purchased 68 shares of ROKU from KEVIN for $184/share
timestamp 8417:
SUSAN purchased 29 shares of GOOGL from DOUG for $132/share
SUSAN purchased 34 shares of GOOGL from DOUG for $128/share
EDWARD purchased 24 shares of GOOGL from DOUG for $102/share
timestamp 8533:
TORI purchased 30 shares of DIS from KEVIN for $298/share
TORI purchased 40 shares of DIS from EDWARD for $299/share
TORI purchased 6 shares of DIS from JOSH for $303/share
timestamp 8565:
DOUG purchased 51 shares of DIS from KEVIN for $176/share
DOUG purchased 23 shares of DIS from JOSH for $303/share
timestamp 8572:
EDWARD purchased 23 shares of ROKU from AARON for $286/share
ALEX purchased 26 shares of ROKU from AARON for $184/share
SUSAN purchased 42 shares of ROKU from AARON for $179/share
JOSH purchased 3 shares of ROKU from AARON for $142/share
timestamp 8617:
EDWARD purchased 35 shares of TWTR from JAY for $152/share
timestamp 8658:
DOUG purchased 3 shares of TWTR from JEREMY for $235/share
timestamp 8663:
TORI purchased 15 shares of AAPL from AARON for $174/share
timestamp 8743:
DOUG purchased 36 shares of TWTR from SUSAN for $238/share
SUSAN purchased 1 shares of ROKU from JAY for $246/share
JEREMY purchased 6 shares of DIS from JOSH for $303/share
JEREMY purchased 44 shares of DIS from AARON for $334/share
KEVIN purchased 23 shares of GOOGL from AARON for $174/share
KEVIN purchased 24 shares of GOOGL from SUSAN for $187/share
JEREMY purchased 12 shares of AAPL from AARON for $174/share
JEREMY purchased 23 shares of AAPL from SUSAN for $215/share
JEREMY purchased 62 shares of AAPL from TORI for $276/share
timestamp 8745:
ALEX purchased 24 shares of ROKU from JEREMY for $363/share
DOUG purchased 39 shares of TWTR from EDWARD for $238/share
timestamp 8825:
JAY purchased 6 shares of MSFT from DOUG for $365/share
timestamp 8866:
ALEX purchased 17 shares of ROKU from EDWARD for $364/share
SUSAN purchased 43 shares of ROKU from EDWARD for $305/share
JOSH purchased 18 shares of ROKU from EDWARD for $142/share
timestamp 8903:
EDWARD purchased 4 shares of FB from JAY for $319/share
timestamp 8944:
EDWARD purchased 79 shares of ROKU from EDWARD for $419/share
timestamp 9010:
JAY purchased 80 shares of SNAP from EDWARD for $125/share
JAY purchased 12 shares of SNAP from KEVIN for $190/share
timestamp 9032:
EDWARD purchased 4 shares of AMZN from ALEX for $125/share
EDWARD purchased 27 shares of AMZN from JOSH for $168/share
EDWARD purchased 1 shares of AMZN from JAY for $232/share
EDWARD purchased 30 shares of AMZN from KEVIN for $245/share
EDWARD purchased 9 shares of AMZN from TORI for $246/share
JAY purchased 20 shares of MSFT from SUSAN for $365/share
JOSH purchased 26 shares of MSFT from SUSAN for $299/share
EDWARD purchased 36 shares of MSFT from SUSAN for $188/share
timestamp 9063:
DOUG purchased 56 shares of AAPL from JAY for $112/share
ALEX purchased 9 shares of SNAP from KEVIN for $190/share
ALEX purchased 39 shares of SNAP from AARON for $224/share
timestamp 9103:
DOUG purchased 33 shares of AAPL from JAY for $112/share
DOUG purchased 13 shares of AAPL from ALEX for $303/share
DOUG purchased 33 shares of AAPL from SUSAN for $329/share
timestamp 9143:
TORI purchased 7 shares of FB from DOUG for $327/share
TORI purchased 1 shares of FB from EDWARD for $332/share
TORI purchased 1 shares of FB from KEVIN for $351/share
EDWARD purchased 84 shares of FB from JOSH for $319/share
timestamp 9154:
SUSAN purchased 25 shares of DIS from EDWARD for $233/share
timestamp 9230:
DOUG purchased 15 shares of TWTR from JEREMY for $238/share
EDWARD purchased 13 shares of TWTR from JEREMY for $152/share
timestamp 9258:
SUSAN purchased 1 shares of DIS from JAY for $233/share
timestamp 9294:
JOSH purchased 47 shares of AMZN from JEREMY for $196/share
timestamp 9342:
EDWARD purchased 29 shares of GOOGL from TORI for $102/share
AARON purchased 33 shares of AAPL from AARON for $280/share
TORI purchased 49 shares of AAPL from SUSAN for $329/share
TORI purchased 37 shares of AAPL from ALEX for $331/share
timestamp 9357:
TORI purchased 25 shares of AMZN from TORI for $246/share
TORI purchased 48 shares of AMZN from JAY for $274/share
TORI purchased 12 shares of AMZN from AARON for $277/share
KEVIN purchased 32 shares of AMZN from AARON for $277/share
KEVIN purchased 8 shares of AMZN from ALEX for $346/share
KEVIN purchased 31 shares of AMZN from JAY for $355/share
timestamp 9399:
DOUG purchased 2 shares of GOOGL from JAY for $91/share
ALEX purchased 44 shares of GOOGL from JAY for $86/share
AARON purchased 47 shares of SNAP from AARON for $224/share
timestamp 9421:
SUSAN purchased 48 shares of DIS from KEVIN for $233/share
timestamp 9464:
AARON purchased 2 shares of AAPL from ALEX for $309/share
SUSAN purchased 14 shares of SNAP from AARON for $224/share
SUSAN purchased 9 shares of SNAP from ALEX for $237/share
timestamp 9517:
EDWARD purchased 9 shares of FB from KEVIN for $319/share
KEVIN purchased 38 shares of AAPL from ALEX for $119/share
EDWARD purchased 22 shares of TWTR from JEREMY for $152/share
EDWARD purchased 41 shares of TWTR from JEREMY for $139/share
timestamp 9550:
EDWARD purchased 60 shares of SNAP from JAY for $103/share
timestamp 9595:
SUSAN purchased 15 shares of DIS from EDWARD for $233/share
EDWARD purchased 7 shares of DIS from EDWARD for $107/share
timestamp 9661:
JOSH purchased 11 shares of AMZN from JAY for $196/share
JAY purchased 73 shares of TWTR from JAY for $245/share
timestamp 9671:
EDWARD purchased 76 shares of FB from KEVIN for $317/share
EDWARD purchased 11 shares of FB from KEVIN for $351/share
timestamp 9719:
ALEX purchased 2 shares of TWTR from JAY for $245/share
timestamp 9786:
KEVIN purchased 16 shares of GOOGL from TORI for $100/share
timestamp 9852:
TORI purchased 2 shares of AAPL from ALEX for $119/share
timestamp 9869:
KEVIN purchased 31 shares of AAPL from ALEX for $119/share
timestamp 9878:
TORI purchased 36 shares of TWTR from JEREMY for $256/share
timestamp 9904:
EDWARD purchased 10 shares of TWTR from JEREMY for $256/share
EDWARD purchased 79 shares of TWTR from JAY for $282/share
timestamp 9926:
JEREMY purchased 26 shares of FB from DOUG for $312/share
EDWARD purchased 35 shares of FB from DOUG for $239/share
KEVIN purchased 13 shares of FB from DOUG for $223/share
EDWARD purchased 21 shares of SNAP from JOSH for $103/share
DOUG purchased 35 shares of SNAP from JOSH for $88/share
timestamp 9935:
JOSH purchased 54 shares of TWTR from DOUG for $202/share
timestamp 9962:
EDWARD purchased 26 shares of ROKU from JAY for $314/share
timestamp 9972:
SUSAN purchased 35 shares of FB from KEVIN for $351/share
SUSAN purchased 4 shares of FB from EDWARD for $356/share
JAY purchased 18 shares of SNAP from ALEX for $237/share
DOUG purchased 18 shares of TWTR from DOUG for $202/share
timestamp 10114:
JOSH purchased 14 shares of AAPL from ALEX for $119/share
JOSH purchased 47 shares of AAPL from KEVIN for $120/share
timestamp 10125:
TORI purchased 65 shares of DIS from SUSAN for $233/share
SUSAN purchased 80 shares of FB from EDWARD for $356/share
SUSAN purchased 5 shares of FB from EDWARD for $369/share
timestamp 10154:
DOUG purchased 72 shares of SNAP from ALEX for $237/share
DOUG purchased 18 shares of AAPL from KEVIN for $120/share
DOUG purchased 35 shares of AAPL from JEREMY for $178/share
timestamp 10234:
EDWARD purchased 22 shares of ROKU from ALEX for $314/share
AARON purchased 2 shares of ROKU from ALEX for $282/share
JAY purchased 21 shares of AAPL from JEREMY for $178/share
timestamp 10334:
JOSH purchased 38 shares of GOOGL from TORI for $100/share
JOSH purchased 22 shares of GOOGL from SUSAN for $104/share
JOSH purchased 18 shares of GOOGL from SUSAN for $142/share
timestamp 10384:
JAY purchased 20 shares of DIS from ALEX for $243/share
TORI purchased 25 shares of DIS from ALEX for $233/share
timestamp 10443:
SUSAN purchased 88 shares of AMZN from JAY for $145/share
SUSAN purchased 5 shares of AMZN from AARON for $203/share
timestamp 10623:
JOSH purchased 28 shares of AMZN from JOSH for $133/share
ALEX purchased 21 shares of DIS from ALEX for $176/share
timestamp 10644:
JAY purchased 2 shares of DIS from ALEX for $176/share
timestamp 10683:
SUSAN purchased 62 shares of MSFT from DOUG for $294/share
SUSAN purchased 41 shares of AAPL from JEREMY for $178/share
SUSAN purchased 22 shares of AAPL from JEREMY for $276/share
SUSAN purchased 10 shares of AAPL from ALEX for $331/share
timestamp 10838:
JOSH purchased 47 shares of AMZN from SUSAN for $75/share
JAY purchased 4 shares of AMZN from SUSAN for $62/share
timestamp 10865:
ALEX purchased 11 shares of MSFT from DOUG for $294/share
ALEX purchased 35 shares of MSFT from KEVIN for $306/share
EDWARD purchased 44 shares of DIS from ALEX for $107/share
timestamp 10900:
EDWARD purchased 25 shares of DIS from JAY for $107/share
EDWARD purchased 43 shares of AAPL from ALEX for $331/share
EDWARD purchased 54 shares of AAPL from SUSAN for $346/share
timestamp 10906:
ALEX purchased 35 shares of MSFT from KEVIN for $312/share
timestamp 10915:
DOUG purchased 39 shares of TWTR from AARON for $278/share
EDWARD purchased 33 shares of TWTR from AARON for $273/share
ALEX purchased 20 shares of TWTR from AARON for $219/share
timestamp 11048:
SUSAN purchased 6 shares of AMZN from JOSH for $108/share
timestamp 11177:
EDWARD purchased 33 shares of SNAP from SUSAN for $291/share
JOSH purchased 12 shares of TWTR from JAY for $282/share
JOSH purchased 15 shares of TWTR from DOUG for $294/share
timestamp 11218:
SUSAN purchased 49 shares of AMZN from TORI for $155/share
JAY purchased 16 shares of AMZN from TORI for $62/share
SUSAN purchased 41 shares of AMZN from TORI for $57/share
SUSAN purchased 13 shares of AMZN from TORI for $50/share
timestamp 11232:
DOUG purchased 5 shares of GOOGL from SUSAN for $142/share
timestamp 11237:
SUSAN purchased 40 shares of ROKU from JAY for $289/share
timestamp 11248:
JAY purchased 54 shares of FB from TORI for $284/share
JAY purchased 19 shares of FB from TORI for $259/share
JEREMY purchased 39 shares of TWTR from DOUG for $294/share
TORI purchased 17 shares of TWTR from DOUG for $294/share
TORI purchased 10 shares of TWTR from JEREMY for $295/share
TORI purchased 5 shares of TWTR from AARON for $299/share
timestamp 11258:
EDWARD purchased 1 shares of SNAP from JEREMY for $278/share
EDWARD purchased 61 shares of SNAP from JEREMY for $279/share
timestamp 11297:
JOSH purchased 48 shares of TWTR from JEREMY for $283/share
timestamp 11359:
JEREMY purchased 2 shares of SNAP from JEREMY for $279/share
JEREMY purchased 56 shares of SNAP from SUSAN for $291/share
timestamp 11362:
JEREMY purchased 38 shares of SNAP from JOSH for $442/share
ALEX purchased 34 shares of SNAP from JOSH for $263/share
DOUG purchased 26 shares of SNAP from JOSH for $251/share
JAY purchased 2 shares of SNAP from JOSH for $96/share
ALEX purchased 53 shares of TWTR from JOSH for $219/share
timestamp 11366:
JAY purchased 60 shares of SNAP from ALEX for $96/share
timestamp 11396:
JAY purchased 2 shares of SNAP from JOSH for $96/share
DOUG purchased 3 shares of SNAP from JOSH for $88/share
JOSH purchased 76 shares of SNAP from JOSH for $87/share
AARON purchased 4 shares of SNAP from JOSH for $71/share
EDWARD purchased 1 shares of AMZN from SUSAN for $60/share
SUSAN purchased 50 shares of ROKU from DOUG for $289/share
AARON purchased 38 shares of ROKU from DOUG for $282/share
SUSAN purchased 4 shares of ROKU from DOUG for $278/share
timestamp 11410:
DOUG purchased 8 shares of GOOGL from SUSAN for $142/share
DOUG purchased 39 shares of GOOGL from JEREMY for $161/share
timestamp 11459:
AARON purchased 38 shares of TWTR from JEREMY for $283/share
JAY purchased 79 shares of AAPL from DOUG for $190/share
timestamp 11472:
ALEX purchased 32 shares of AMZN from SUSAN for $60/share
ALEX purchased 27 shares of AMZN from TORI for $100/share
ALEX purchased 11 shares of AMZN from KEVIN for $175/share
ALEX purchased 12 shares of AMZN from JOSH for $179/share
timestamp 11521:
DOUG purchased 55 shares of GOOGL from JEREMY for $161/share
DOUG purchased 43 shares of GOOGL from EDWARD for $172/share
timestamp 11569:
SUSAN purchased 34 shares of SNAP from DOUG for $398/share
timestamp 11661:
JEREMY purchased 15 shares of MSFT from AARON for $387/share
JAY purchased 5 shares of AAPL from JEREMY for $190/share
timestamp 11720:
EDWARD purchased 15 shares of ROKU from JAY for $297/share
SUSAN purchased 24 shares of ROKU from JAY for $278/share
JOSH purchased 43 shares of ROKU from JAY for $239/share
timestamp 11722:
TORI purchased 19 shares of ROKU from TORI for $355/share
TORI purchased 5 shares of ROKU from SUSAN for $359/share
TORI purchased 27 shares of ROKU from SUSAN for $399/share
timestamp 11756:
SUSAN purchased 9 shares of SNAP from DOUG for $415/share
timestamp 11785:
KEVIN purchased 27 shares of GOOGL from JEREMY for $155/share
timestamp 11824:
ALEX purchased 38 shares of AAPL from JEREMY for $164/share
ALEX purchased 37 shares of AAPL from ALEX for $336/share
timestamp 11836:
AARON purchased 15 shares of DIS from SUSAN for $87/share
timestamp 11884:
JOSH purchased 8 shares of ROKU from AARON for $239/share
timestamp 11912:
ALEX purchased 18 shares of MSFT from JAY for $312/share
JEREMY purchased 46 shares of MSFT from JAY for $293/share
TORI purchased 23 shares of MSFT from JAY for $280/share
timestamp 11955:
JAY purchased 70 shares of GOOGL from JEREMY for $155/share
JAY purchased 19 shares of GOOGL from EDWARD for $172/share
SUSAN purchased 15 shares of ROKU from SUSAN for $399/share
AARON purchased 12 shares of TWTR from JEREMY for $283/share
AARON purchased 65 shares of TWTR from AARON for $299/share
timestamp 11991:
JOSH purchased 54 shares of AAPL from JAY for $249/share
timestamp 11993:
SUSAN purchased 8 shares of SNAP from SUSAN for $415/share
timestamp 12032:
JAY purchased 47 shares of DIS from SUSAN for $23/share
JAY purchased 35 shares of DIS from JAY for $101/share
DOUG purchased 28 shares of SNAP from SUSAN for $182/share
JAY purchased 31 shares of DIS from JAY for $101/share
timestamp 12125:
SUSAN purchased 42 shares of ROKU from TORI for $414/share
ALEX purchased 41 shares of ROKU from TORI for $389/share
timestamp 12166:
JAY purchased 20 shares of AAPL from ALEX for $336/share
JAY purchased 9 shares of AAPL from SUSAN for $346/share
JAY purchased 39 shares of AAPL from JAY for $358/share
timestamp 12194:
JEREMY purchased 63 shares of TWTR from JAY for $263/share
timestamp 12203:
AARON purchased 13 shares of MSFT from TORI for $305/share
timestamp 12219:
DOUG purchased 15 shares of AAPL from KEVIN for $284/share
JEREMY purchased 53 shares of AAPL from JAY for $358/share
JEREMY purchased 31 shares of AAPL from DOUG for $372/share
JEREMY purchased 14 shares of AAPL from TORI for $374/share
timestamp 12288:
JOSH purchased 23 shares of SNAP from TORI for $201/share
DOUG purchased 4 shares of SNAP from TORI for $182/share
timestamp 12300:
DOUG purchased 56 shares of AAPL from ALEX for $284/share
JOSH purchased 7 shares of AAPL from ALEX for $249/share
timestamp 12301:
JEREMY purchased 18 shares of AAPL from ALEX for $196/share
JEREMY purchased 16 shares of AAPL from TORI for $374/share
JEREMY purchased 29 shares of AAPL from ALEX for $379/share
JEREMY purchased 29 shares of AAPL from AARON for $383/share
timestamp 12339:
ALEX purchased 7 shares of ROKU from EDWARD for $419/share
ALEX purchased 6 shares of ROKU from JEREMY for $429/share
ALEX purchased 10 shares of ROKU from ALEX for $441/share
---client info---
AARON bought 1692 and sold 1683 for a net transfer of $113194
JOSH bought 2145 and sold 1994 for a net transfer of $-52561
KEVIN bought 1245 and sold 1506 for a net transfer of $67706
DOUG bought 1936 and sold 1576 for a net transfer of $-24616
JEREMY bought 1888 and sold 1835 for a net transfer of $-26175
TORI bought 2036 and sold 2010 for a net transfer of $-84904
EDWARD bought 2367 and sold 1734 for a net transfer of $-133994
JAY bought 1641 and sold 2559 for a net transfer of $256721
SUSAN bought 2078 and sold 2488 for a net transfer of $-1836
ALEX bought 1984 and sold 1627 for a net transfer of $-113535
